2025-04-28 21:56:02.792 [info] Extension host with pid 2208 started
2025-04-28 21:56:02.826 [info] Lock '/home/leo_spinos/.codeoss/data/User/workspaceStorage/1d1f0625/vscode.lock': Lock acquired.
2025-04-28 21:56:02.971 [info] ExtensionService#_doActivateExtension vscode.emmet, startup: false, activationEvent: 'onLanguage'
2025-04-28 21:56:03.175 [info] ExtensionService#_doActivateExtension vscode.git-base, startup: true, activationEvent: '*', root cause: vscode.git
2025-04-28 21:56:03.258 [info] ExtensionService#_doActivateExtension vscode.git, startup: true, activationEvent: '*'
2025-04-28 21:56:03.259 [info] ExtensionService#_doActivateExtension vscode.github, startup: true, activationEvent: '*'
2025-04-28 21:56:03.496 [info] Eager extensions activated
2025-04-28 21:56:03.496 [info] ExtensionService#_doActivateExtension EditorConfig.EditorConfig, startup: false, activationEvent: 'onStartupFinished'
2025-04-28 21:56:03.497 [info] ExtensionService#_doActivateExtension google.cloud-shell, startup: false, activationEvent: 'onStartupFinished'
2025-04-28 21:56:03.498 [info] ExtensionService#_doActivateExtension google.geminicodeassist, startup: false, activationEvent: 'onStartupFinished', root cause: googlecloudtools.cloudcode
2025-04-28 21:56:03.498 [info] ExtensionService#_doActivateExtension vscode.debug-auto-launch, startup: false, activationEvent: 'onStartupFinished'
2025-04-28 21:56:03.499 [info] ExtensionService#_doActivateExtension vscode.merge-conflict, startup: false, activationEvent: 'onStartupFinished'
2025-04-28 21:56:05.585 [info] ExtensionService#_doActivateExtension vscode.configuration-editing, startup: false, activationEvent: 'onLanguage:jsonc'
2025-04-28 21:56:05.585 [info] ExtensionService#_doActivateExtension vscode.json-language-features, startup: false, activationEvent: 'onLanguage:jsonc'
2025-04-28 21:56:05.586 [info] ExtensionService#_doActivateExtension vscode.typescript-language-features, startup: false, activationEvent: 'onLanguage:jsonc'
2025-04-28 21:56:05.743 [info] ExtensionService#_doActivateExtension googlecloudtools.cloudcode, startup: false, activationEvent: 'onStartupFinished'
2025-04-28 21:56:07.795 [error] onWillSaveTextDocument-listener from extension 'EditorConfig.EditorConfig' threw ERROR
2025-04-28 21:56:07.802 [error] Error: timeout
    at Timeout._onTimeout (file:///google/devshell/editor/code-oss-for-cloud-shell/out/vs/workbench/api/node/extensionHostProcess.js:137:99781)
    at listOnTimeout (node:internal/timers:581:17)
    at processTimers (node:internal/timers:519:7)
2025-04-28 21:56:32.063 [info] ExtensionService#_doActivateExtension vscode.extension-editing, startup: false, activationEvent: 'onLanguage:json'
2025-04-28 21:56:32.064 [info] ExtensionService#_doActivateExtension vscode.npm, startup: false, activationEvent: 'onLanguage:json'
2025-04-28 22:00:47.184 [info] ExtensionService#_doActivateExtension golang.go, startup: false, activationEvent: 'onLanguage:go'
2025-04-28 22:00:48.943 [error] [golang.go] provider FAILED
2025-04-28 22:00:48.973 [error] Error: no package metadata for file file:///lib/lsb/init-functions.d/00-verbose
    at handleResponse (/google/devshell/editor/code-oss-for-cloud-shell/extensions/golang.Go/dist/goMain.js:8606:40)
    at handleMessage (/google/devshell/editor/code-oss-for-cloud-shell/extensions/golang.Go/dist/goMain.js:8416:11)
    at processMessageQueue (/google/devshell/editor/code-oss-for-cloud-shell/extensions/golang.Go/dist/goMain.js:8431:13)
    at Immediate.<anonymous> (/google/devshell/editor/code-oss-for-cloud-shell/extensions/golang.Go/dist/goMain.js:8407:11)
    at processImmediate (node:internal/timers:483:21)
2025-04-28 22:00:48.981 [error] [golang.go] provider FAILED
2025-04-28 22:00:48.981 [error] Error: getting file for InlayHint: no package metadata for file file:///lib/lsb/init-functions.d/00-verbose
    at handleResponse (/google/devshell/editor/code-oss-for-cloud-shell/extensions/golang.Go/dist/goMain.js:8606:40)
    at handleMessage (/google/devshell/editor/code-oss-for-cloud-shell/extensions/golang.Go/dist/goMain.js:8416:11)
    at processMessageQueue (/google/devshell/editor/code-oss-for-cloud-shell/extensions/golang.Go/dist/goMain.js:8431:13)
    at Immediate.<anonymous> (/google/devshell/editor/code-oss-for-cloud-shell/extensions/golang.Go/dist/goMain.js:8407:11)
    at processImmediate (node:internal/timers:483:21)
2025-04-28 22:00:52.802 [error] [golang.go] provider FAILED
2025-04-28 22:00:52.802 [error] Error: getting file for InlayHint: no package metadata for file file:///lib/lsb/init-functions.d/00-verbose
    at handleResponse (/google/devshell/editor/code-oss-for-cloud-shell/extensions/golang.Go/dist/goMain.js:8606:40)
    at handleMessage (/google/devshell/editor/code-oss-for-cloud-shell/extensions/golang.Go/dist/goMain.js:8416:11)
    at processMessageQueue (/google/devshell/editor/code-oss-for-cloud-shell/extensions/golang.Go/dist/goMain.js:8431:13)
    at Immediate.<anonymous> (/google/devshell/editor/code-oss-for-cloud-shell/extensions/golang.Go/dist/goMain.js:8407:11)
    at processImmediate (node:internal/timers:483:21)
2025-04-28 22:01:17.484 [error] [golang.go] provider FAILED
2025-04-28 22:01:17.484 [error] Error: getting file for InlayHint: no package metadata for file file:///lib/lsb/init-functions.d/00-verbose
    at handleResponse (/google/devshell/editor/code-oss-for-cloud-shell/extensions/golang.Go/dist/goMain.js:8606:40)
    at handleMessage (/google/devshell/editor/code-oss-for-cloud-shell/extensions/golang.Go/dist/goMain.js:8416:11)
    at processMessageQueue (/google/devshell/editor/code-oss-for-cloud-shell/extensions/golang.Go/dist/goMain.js:8431:13)
    at Immediate.<anonymous> (/google/devshell/editor/code-oss-for-cloud-shell/extensions/golang.Go/dist/goMain.js:8407:11)
    at processImmediate (node:internal/timers:483:21)
2025-04-28 22:01:18.204 [error] [golang.go] provider FAILED
2025-04-28 22:01:18.205 [error] Error: no package metadata for file file:///lib/lsb/init-functions.d/00-verbose
    at handleResponse (/google/devshell/editor/code-oss-for-cloud-shell/extensions/golang.Go/dist/goMain.js:8606:40)
    at handleMessage (/google/devshell/editor/code-oss-for-cloud-shell/extensions/golang.Go/dist/goMain.js:8416:11)
    at processMessageQueue (/google/devshell/editor/code-oss-for-cloud-shell/extensions/golang.Go/dist/goMain.js:8431:13)
    at Immediate.<anonymous> (/google/devshell/editor/code-oss-for-cloud-shell/extensions/golang.Go/dist/goMain.js:8407:11)
    at processImmediate (node:internal/timers:483:21)
2025-04-28 22:02:18.831 [warning] [Decorations] CAPPING events from decorations provider vscode.git 768
2025-04-28 22:02:23.902 [warning] [Decorations] CAPPING events from decorations provider vscode.git 768
2025-04-28 22:04:20.929 [warning] [Decorations] CAPPING events from decorations provider vscode.git 768
2025-04-28 22:08:54.203 [info] ExtensionService#_doActivateExtension vscode.markdown-language-features, startup: false, activationEvent: 'onLanguage:markdown'
2025-04-28 22:08:54.817 [info] ExtensionService#_doActivateExtension vscode.markdown-math, startup: false, activationEvent: 'api', root cause: vscode.markdown-language-features
2025-04-28 22:10:57.575 [error] [golang.go] provider FAILED
2025-04-28 22:10:57.576 [error] Error: context canceled
    at handleResponse (/google/devshell/editor/code-oss-for-cloud-shell/extensions/golang.Go/dist/goMain.js:8606:40)
    at handleMessage (/google/devshell/editor/code-oss-for-cloud-shell/extensions/golang.Go/dist/goMain.js:8416:11)
    at processMessageQueue (/google/devshell/editor/code-oss-for-cloud-shell/extensions/golang.Go/dist/goMain.js:8431:13)
    at Immediate.<anonymous> (/google/devshell/editor/code-oss-for-cloud-shell/extensions/golang.Go/dist/goMain.js:8407:11)
    at processImmediate (node:internal/timers:483:21)
2025-04-29 00:18:12.272 [warning] [Decorations] CAPPING events from decorations provider vscode.git 10000
