Initializing document watcher...
Document watcher initialized
/User/settings.json: Using EditorConfig core...
leo_spinos/README-cloudshell.txt: {}
leo_spinos/README-cloudshell.txt: {}
leo_spinos/README-cloudshell.txt: {}
No more open editors.
No more open editors.
No more open editors.
/User/settings.json: Using EditorConfig core...
leo_spinos/.bash_logout: {}
leo_spinos/.bashrc: {}
leo_spinos/.bashrc: {}
leo_spinos/.bashrc: {}
leo_spinos/.profile: {}
leo_spinos/.sudo_as_admin_successful: {}
leo_spinos/README-cloudshell.txt: {}
leo_spinos/.cache/cloud-code/install_id.txt: {}
leo_spinos/.cache/cloud-code/api-metadata/libraries-bom_versions.xml: {}
leo_spinos/.cache/cloud-code/api-metadata/libraries.csv: {}
leo_spinos/.cache/cloud-code/api-metadata/products.csv: {}
leo_spinos/.cache/cloud-code/api-metadata/products.csv: {}
leo_spinos/.cache/cloud-code/api-metadata/products.csv: {}
leo_spinos/.cache/Microsoft/DeveloperTools/deviceid: {}
leo_spinos/.codeoss/cde_restorepath: {}
leo_spinos/.codeoss/data/token: {}
leo_spinos/.codeoss/data/CachedProfilesData/__default__profile__/extensions.builtin.cache: {}
leo_spinos/.codeoss/data/logs/20250428T213527/exthost1/output_logging_20250428T213534/1-EditorConfig.log: {}
leo_spinos/.codeoss/data/logs/20250428T213527/exthost1/remoteexthost.log: {}
leo_spinos/.codeoss/data/logs/20250428T213527/remoteagent.log: {}
No more open editors.
No more open editors.
leo_spinos/gopath/pkg/mod/golang.org/x/telemetry@v0.0.0-20240712210958-268b4a8ec2d7/.prettierrc.json: {}
leo_spinos/gopath/pkg/mod/golang.org/x/telemetry@v0.0.0-20240712210958-268b4a8ec2d7/.stylelintrc.json: {}
leo_spinos/gopath/pkg/mod/golang.org/x/telemetry@v0.0.0-20240712210958-268b4a8ec2d7/start_windows.go: {}
leo_spinos/gopath/pkg/mod/golang.org/x/telemetry@v0.0.0-20240712210958-268b4a8ec2d7/tsconfig.json: {}
leo_spinos/gopath/pkg/mod/golang.org/x/telemetry@v0.0.0-20240712210958-268b4a8ec2d7/tsconfig.json: {}
leo_spinos/gopath/pkg/mod/golang.org/x/telemetry@v0.0.0-20240712210958-268b4a8ec2d7/tsconfig.json: {}
leo_spinos/gopath/pkg/mod/golang.org/x/telemetry@v0.0.0-20240712210958-268b4a8ec2d7/internal/config/config.go: {}
leo_spinos/gopath/pkg/mod/golang.org/x/telemetry@v0.0.0-20240712210958-268b4a8ec2d7/cmd/gotelemetry/internal/view/README.md: {}
leo_spinos/gopath/pkg/mod/golang.org/x/telemetry@v0.0.0-20240712210958-268b4a8ec2d7/cmd/gotelemetry/internal/csv/csv.go: {}
vscode.git.Git: {}
leo_spinos/gopath/pkg/mod/golang.org/x/telemetry@v0.0.0-20240712210958-268b4a8ec2d7/cmd/gotelemetry/internal/csv/csv.go: {}
leo_spinos/gopath/pkg/mod/golang.org/x/telemetry@v0.0.0-20240712210958-268b4a8ec2d7/cmd/gotelemetry/internal/csv/csv.go: {}
vscode.git.Git: {}
vscode.git.Git: {}
leo_spinos/gopath/pkg/mod/golang.org/x/telemetry@v0.0.0-20240712210958-268b4a8ec2d7/cmd/gotelemetry/internal/csv/csv.go: {}
leo_spinos/.vscode/launch.json: Using EditorConfig core...
/home/leo_spinos/gopath/pkg/mod/golang.org/x/telemetry@v0.0.0-20240712210958-268b4a8ec2d7/cmd/gotelemetry/internal/csv/csv.go: {}
/home/leo_spinos/.cache/go-build/0a/0a7f1eceadd597abc231ed7d5815aa319d84eee87438fcd59c9fe85ff6bf3ab5-a: {}
/home/leo_spinos/.cache/go-build/0a/0a7f1eceadd597abc231ed7d5815aa319d84eee87438fcd59c9fe85ff6bf3ab5-a: {}
/home/leo_spinos/.cache/go-build/0a/0a7f1eceadd597abc231ed7d5815aa319d84eee87438fcd59c9fe85ff6bf3ab5-a: {}
leo_spinos/gopath/pkg/mod/golang.org/x/sys@v0.22.0/unix/gccgo_c.c: {}
leo_spinos/gopath/pkg/mod/golang.org/x/sys@v0.22.0/unix/gccgo_c.c: {}
leo_spinos/gopath/pkg/mod/golang.org/x/sys@v0.22.0/unix/gccgo_c.c: {}
leo_spinos/gopath/pkg/mod/golang.org/x/sys@v0.22.0/unix/gccgo_c.c: {}
leo_spinos/gopath/pkg/mod/golang.org/x/sys@v0.22.0/unix/gccgo_c.c: {}
leo_spinos/gopath/pkg/mod/golang.org/x/sys@v0.22.0/unix/gccgo_c.c: {}
leo_spinos/gopath/pkg/mod/golang.org/x/mod@v0.19.0/gosumcheck/main.go: {}
leo_spinos/gopath/pkg/mod/golang.org/x/mod@v0.19.0/gosumcheck/main.go: {}
leo_spinos/gopath/pkg/mod/golang.org/x/sys@v0.22.0/PATENTS: {}
No more open editors.
No more open editors.
No more open editors.
No more open editors.
undefined: {}
undefined: {}
undefined: {}
undefined: {}
undefined: {}
undefined: {}
leo_spinos/gopath/pkg/mod/golang.org/x/sys@v0.22.0/windows/zerrors_windows.go: {}
leo_spinos/gopath/pkg/mod/golang.org/x/sys@v0.22.0/windows/zerrors_windows.go: {}
leo_spinos/gopath/pkg/mod/golang.org/x/sys@v0.22.0/windows/zerrors_windows.go: {}
leo_spinos/gopath/pkg/mod/golang.org/x/sys@v0.22.0/windows/zerrors_windows.go: {}
leo_spinos/gopath/pkg/mod/golang.org/x/sys@v0.22.0/windows/zerrors_windows.go: {}
leo_spinos/gopath/pkg/mod/golang.org/x/sys@v0.22.0/windows/zerrors_windows.go: {}
leo_spinos/gopath/pkg/mod/golang.org/x/sys@v0.22.0/windows/zerrors_windows.go: {}
leo_spinos/gopath/pkg/mod/golang.org/x/sys@v0.22.0/windows/zerrors_windows.go: {}
leo_spinos/gopath/pkg/mod/golang.org/x/sys@v0.22.0/windows/zerrors_windows.go: {}
leo_spinos/gopath/pkg/mod/golang.org/x/sys@v0.22.0/windows/zsyscall_windows.go: {}
leo_spinos/gopath/pkg/mod/golang.org/x/sys@v0.22.0/windows/zsyscall_windows.go: {}
leo_spinos/gopath/pkg/mod/golang.org/x/sys@v0.22.0/windows/zsyscall_windows.go: {}
leo_spinos/gopath/pkg/mod/golang.org/x/sys@v0.22.0/windows/svc/example/install.go: {}
leo_spinos/gopath/pkg/mod/golang.org/x/sys@v0.22.0/windows/svc/example/main.go: {}
leo_spinos/gopath/pkg/mod/golang.org/x/sys@v0.22.0/windows/svc/example/install.go: {}
leo_spinos/gopath/pkg/mod/golang.org/x/sys@v0.22.0/windows/svc/example/install.go: {}
leo_spinos/gopath/pkg/mod/golang.org/x/sys@v0.22.0/windows/svc/example/install.go: {}
leo_spinos/gopath/pkg/mod/golang.org/x/sys@v0.22.0/windows/svc/example/install.go: {}
leo_spinos/gopath/pkg/mod/golang.org/x/sys@v0.22.0/windows/svc/example/install.go: {}
leo_spinos/gopath/pkg/mod/golang.org/x/sys@v0.22.0/windows/svc/example/install.go: {}
leo_spinos/.git/COMMIT_EDITMSG: {}
leo_spinos/.git/COMMIT_EDITMSG: {}
undefined: {}
leo_spinos/.git/COMMIT_EDITMSG: {}
leo_spinos/gopath/pkg/mod/golang.org/x/mod@v0.19.0/PATENTS: {}
leo_spinos/.codeoss/data/User/globalStorage/redhat.java/1.37.2024111508/config_ss_linux/org.eclipse.osgi/40/0/.cp/lib/jsoup-1.14.2.jar: {}
leo_spinos/.codeoss/data/User/workspaceStorage/5e06c445/redhat.java/jdt_ws/.metadata/.plugins/org.eclipse.jdt.launching/.install.xml: {}
leo_spinos/.codeoss/data/User/workspaceStorage/5e06c445/redhat.java/jdt_ws/.metadata/.plugins/org.eclipse.jdt.launching/libraryInfos.xml: {}
leo_spinos/.codeoss/data/User/workspaceStorage/5e06c445/redhat.java/jdt_ws/.metadata/.plugins/org.eclipse.core.runtime/.settings/org.eclipse.jdt.core.prefs: {}
leo_spinos/.codeoss/data/User/workspaceStorage/5e06c445/redhat.java/jdt_ws/.metadata/.plugins/org.eclipse.buildship.core/gradle/versions.json: {}
leo_spinos/.codeoss/data/User/workspaceStorage/5e06c445/redhat.java/client.log.2025-04-28: {}
leo_spinos/.codeoss/data/User/workspaceStorage/5e06c445/redhat.java/client.log.2025-04-28: {}
leo_spinos/gopath/pkg/mod/golang.org/x/sys@v0.22.0/unix/mksysctl_openbsd.go: {}
/home/leo_spinos/.bash_logout: {}
/home/leo_spinos/.bashrc: {}
/home/leo_spinos/.profile: {}
/home/leo_spinos/.sudo_as_admin_successful: {}
/home/leo_spinos/README-cloudshell.txt: {}
/home/leo_spinos/.cache/cloud-code/install_id.txt: {}
/home/leo_spinos/.cache/cloud-code/api-metadata/code_snippets.csv: {}
vscode.git.Git: {}
vscode.git.Git: {}
/home/leo_spinos/.cache/cloud-code/api-metadata/code_snippets.csv: {}
/home/leo_spinos/.cache/cloud-code/api-metadata/code_snippets.csv: {}
vscode.git.Git: {}
/home/leo_spinos/.cache/cloud-code/api-metadata/code_snippets.csv: {}
/home/leo_spinos/.cache/cloud-code/api-metadata/code_snippets.csv: {}
/home/leo_spinos/.cache/cloud-code/api-metadata/code_snippets.csv: {}
/home/leo_spinos/.cache/cloud-code/api-metadata/code_snippets.csv: {}
/home/leo_spinos/.profile: {}
/home/leo_spinos/.profile: {}
/home/leo_spinos/.profile: {}
leo_spinos/gopath/pkg/mod/golang.org/x/sys@v0.22.0/unix/mksysctl_openbsd.go: {}
leo_spinos/gopath/pkg/mod/golang.org/x/sys@v0.22.0/unix/mksysctl_openbsd.go: {}
leo_spinos/gopath/pkg/mod/golang.org/x/sys@v0.22.0/unix/mksysctl_openbsd.go: {}
